<?xml version="1.0" encoding="UTF-8"?>
<testng-results ignored="0" total="15" passed="14" failed="1" skipped="0">
  <reporter-output>
  </reporter-output>
  <suite started-at="2022-01-21T09:57:32Z" name="hybridSuite" finished-at="2022-01-21T10:03:24Z" duration-ms="352138">
    <groups>
    </groups>
    <test started-at="2022-01-21T09:57:32Z" name="Test" finished-at="2022-01-21T10:03:24Z" duration-ms="352138">
      <class name="TestOperations.testRunner">
        <test-method signature="homePageGetTitle()[pri:1, instance:TestOperations.testRunner@2e8e8225]" started-at="2022-01-21T09:57:32Z" name="homePageGetTitle" finished-at="2022-01-21T09:57:45Z" duration-ms="12944" status="PASS">
          <reporter-output>
          </reporter-output>
        </test-method> <!-- homePageGetTitle -->
        <test-method is-config="true" signature="teardown()[pri:0, instance:TestOperations.testRunner@2e8e8225]" started-at="2022-01-21T09:57:45Z" name="teardown" finished-at="2022-01-21T09:57:45Z" duration-ms="330" status="PASS">
          <reporter-output>
          </reporter-output>
        </test-method> <!-- teardown -->
        <test-method signature="homePageElement()[pri:2, instance:TestOperations.testRunner@2e8e8225]" started-at="2022-01-21T09:57:45Z" name="homePageElement" finished-at="2022-01-21T09:57:56Z" duration-ms="10744" status="PASS">
          <reporter-output>
          </reporter-output>
        </test-method> <!-- homePageElement -->
        <test-method is-config="true" signature="teardown()[pri:0, instance:TestOperations.testRunner@2e8e8225]" started-at="2022-01-21T09:57:56Z" name="teardown" finished-at="2022-01-21T09:57:56Z" duration-ms="172" status="PASS">
          <reporter-output>
          </reporter-output>
        </test-method> <!-- teardown -->
        <test-method signature="validAgentDetails()[pri:3, instance:TestOperations.testRunner@2e8e8225]" started-at="2022-01-21T09:57:56Z" name="validAgentDetails" finished-at="2022-01-21T09:58:15Z" duration-ms="18945" status="PASS">
          <reporter-output>
          </reporter-output>
        </test-method> <!-- validAgentDetails -->
        <test-method is-config="true" signature="teardown()[pri:0, instance:TestOperations.testRunner@2e8e8225]" started-at="2022-01-21T09:58:15Z" name="teardown" finished-at="2022-01-21T09:58:15Z" duration-ms="337" status="PASS">
          <reporter-output>
          </reporter-output>
        </test-method> <!-- teardown -->
        <test-method signature="validcustomerLoginDetails()[pri:4, instance:TestOperations.testRunner@2e8e8225]" started-at="2022-01-21T09:58:15Z" name="validcustomerLoginDetails" finished-at="2022-01-21T09:58:32Z" duration-ms="17231" status="PASS">
          <reporter-output>
          </reporter-output>
        </test-method> <!-- validcustomerLoginDetails -->
        <test-method is-config="true" signature="teardown()[pri:0, instance:TestOperations.testRunner@2e8e8225]" started-at="2022-01-21T09:58:32Z" name="teardown" finished-at="2022-01-21T09:58:33Z" duration-ms="411" status="PASS">
          <reporter-output>
          </reporter-output>
        </test-method> <!-- teardown -->
        <test-method signature="validforgotPasswordDetails()[pri:5, instance:TestOperations.testRunner@2e8e8225]" started-at="2022-01-21T09:58:33Z" name="validforgotPasswordDetails" finished-at="2022-01-21T09:58:49Z" duration-ms="16557" status="PASS">
          <reporter-output>
          </reporter-output>
        </test-method> <!-- validforgotPasswordDetails -->
        <test-method is-config="true" signature="teardown()[pri:0, instance:TestOperations.testRunner@2e8e8225]" started-at="2022-01-21T09:58:49Z" name="teardown" finished-at="2022-01-21T09:58:50Z" duration-ms="319" status="PASS">
          <reporter-output>
          </reporter-output>
        </test-method> <!-- teardown -->
        <test-method signature="validonewayBooking()[pri:6, instance:TestOperations.testRunner@2e8e8225]" started-at="2022-01-21T09:58:50Z" name="validonewayBooking" finished-at="2022-01-21T09:59:08Z" duration-ms="18354" status="PASS">
          <reporter-output>
          </reporter-output>
        </test-method> <!-- validonewayBooking -->
        <test-method is-config="true" signature="teardown()[pri:0, instance:TestOperations.testRunner@2e8e8225]" started-at="2022-01-21T09:59:08Z" name="teardown" finished-at="2022-01-21T09:59:10Z" duration-ms="2152" status="PASS">
          <reporter-output>
          </reporter-output>
        </test-method> <!-- teardown -->
        <test-method signature="validroundtripBooking()[pri:7, instance:TestOperations.testRunner@2e8e8225]" started-at="2022-01-21T09:59:10Z" name="validroundtripBooking" finished-at="2022-01-21T09:59:39Z" duration-ms="28750" status="PASS">
          <reporter-output>
          </reporter-output>
        </test-method> <!-- validroundtripBooking -->
        <test-method is-config="true" signature="teardown()[pri:0, instance:TestOperations.testRunner@2e8e8225]" started-at="2022-01-21T09:59:39Z" name="teardown" finished-at="2022-01-21T09:59:42Z" duration-ms="3252" status="PASS">
          <reporter-output>
          </reporter-output>
        </test-method> <!-- teardown -->
        <test-method signature="validlocalTripBooking()[pri:8, instance:TestOperations.testRunner@2e8e8225]" started-at="2022-01-21T09:59:42Z" name="validlocalTripBooking" finished-at="2022-01-21T09:59:59Z" duration-ms="17137" status="FAIL">
          <exception class="java.lang.AssertionError">
            <message>
              <![CDATA[expected [true] but found [false]]]>
            </message>
            <full-stacktrace>
              <![CDATA[java.lang.AssertionError: expected [true] but found [false]
at org.testng.Assert.fail(Assert.java:96)
at org.testng.Assert.failNotEquals(Assert.java:776)
at org.testng.Assert.assertTrue(Assert.java:44)
at org.testng.Assert.assertTrue(Assert.java:54)
at uiRepositories.selectCarPageUI.localBooking(selectCarPageUI.java:243)
at TestOperations.testRunner.validlocalTripBooking(testRunner.java:110)
at java.base/jdk.internal.reflect.NativeMethodAccessorImpl.invoke0(Native Method)
at java.base/jdk.internal.reflect.NativeMethodAccessorImpl.invoke(NativeMethodAccessorImpl.java:77)
at java.base/jdk.internal.reflect.DelegatingMethodAccessorImpl.invoke(DelegatingMethodAccessorImpl.java:43)
at java.base/java.lang.reflect.Method.invoke(Method.java:568)
at org.testng.internal.MethodInvocationHelper.invokeMethod(MethodInvocationHelper.java:124)
at org.testng.internal.Invoker.invokeMethod(Invoker.java:583)
at org.testng.internal.Invoker.invokeTestMethod(Invoker.java:719)
at org.testng.internal.Invoker.invokeTestMethods(Invoker.java:989)
at org.testng.internal.TestMethodWorker.invokeTestMethods(TestMethodWorker.java:125)
at org.testng.internal.TestMethodWorker.run(TestMethodWorker.java:109)
at org.testng.TestRunner.privateRun(TestRunner.java:648)
at org.testng.TestRunner.run(TestRunner.java:505)
at org.testng.SuiteRunner.runTest(SuiteRunner.java:455)
at org.testng.SuiteRunner.runSequentially(SuiteRunner.java:450)
at org.testng.SuiteRunner.privateRun(SuiteRunner.java:415)
at org.testng.SuiteRunner.run(SuiteRunner.java:364)
at org.testng.SuiteRunnerWorker.runSuite(SuiteRunnerWorker.java:52)
at org.testng.SuiteRunnerWorker.run(SuiteRunnerWorker.java:84)
at org.testng.TestNG.runSuitesSequentially(TestNG.java:1208)
at org.testng.TestNG.runSuitesLocally(TestNG.java:1137)
at org.testng.TestNG.runSuites(TestNG.java:1049)
at org.testng.TestNG.run(TestNG.java:1017)
at org.testng.remote.AbstractRemoteTestNG.run(AbstractRemoteTestNG.java:115)
at org.testng.remote.RemoteTestNG.initAndRun(RemoteTestNG.java:251)
at org.testng.remote.RemoteTestNG.main(RemoteTestNG.java:77)
]]>
            </full-stacktrace>
          </exception> <!-- java.lang.AssertionError -->
          <reporter-output>
          </reporter-output>
        </test-method> <!-- validlocalTripBooking -->
        <test-method is-config="true" signature="teardown()[pri:0, instance:TestOperations.testRunner@2e8e8225]" started-at="2022-01-21T10:00:00Z" name="teardown" finished-at="2022-01-21T10:00:02Z" duration-ms="2599" status="PASS">
          <reporter-output>
          </reporter-output>
        </test-method> <!-- teardown -->
        <test-method signature="validFromAirportTripBooking()[pri:9, instance:TestOperations.testRunner@2e8e8225]" started-at="2022-01-21T10:00:02Z" name="validFromAirportTripBooking" finished-at="2022-01-21T10:00:29Z" duration-ms="26855" status="PASS">
          <reporter-output>
          </reporter-output>
        </test-method> <!-- validFromAirportTripBooking -->
        <test-method is-config="true" signature="teardown()[pri:0, instance:TestOperations.testRunner@2e8e8225]" started-at="2022-01-21T10:00:29Z" name="teardown" finished-at="2022-01-21T10:00:31Z" duration-ms="2032" status="PASS">
          <reporter-output>
          </reporter-output>
        </test-method> <!-- teardown -->
        <test-method signature="validToAirportTripBooking()[pri:10, instance:TestOperations.testRunner@2e8e8225]" started-at="2022-01-21T10:00:31Z" name="validToAirportTripBooking" finished-at="2022-01-21T10:00:58Z" duration-ms="26988" status="PASS">
          <reporter-output>
          </reporter-output>
        </test-method> <!-- validToAirportTripBooking -->
        <test-method is-config="true" signature="teardown()[pri:0, instance:TestOperations.testRunner@2e8e8225]" started-at="2022-01-21T10:00:58Z" name="teardown" finished-at="2022-01-21T10:01:00Z" duration-ms="2094" status="PASS">
          <reporter-output>
          </reporter-output>
        </test-method> <!-- teardown -->
        <test-method signature="validContactDetails()[pri:11, instance:TestOperations.testRunner@2e8e8225]" started-at="2022-01-21T10:01:00Z" name="validContactDetails" finished-at="2022-01-21T10:01:24Z" duration-ms="23815" status="PASS">
          <reporter-output>
          </reporter-output>
        </test-method> <!-- validContactDetails -->
        <test-method is-config="true" signature="teardown()[pri:0, instance:TestOperations.testRunner@2e8e8225]" started-at="2022-01-21T10:01:24Z" name="teardown" finished-at="2022-01-21T10:01:25Z" duration-ms="871" status="PASS">
          <reporter-output>
          </reporter-output>
        </test-method> <!-- teardown -->
        <test-method signature="validbloggerSocialLinkDetails()[pri:12, instance:TestOperations.testRunner@2e8e8225]" started-at="2022-01-21T10:01:25Z" name="validbloggerSocialLinkDetails" finished-at="2022-01-21T10:01:53Z" duration-ms="27673" status="PASS">
          <reporter-output>
          </reporter-output>
        </test-method> <!-- validbloggerSocialLinkDetails -->
        <test-method is-config="true" signature="teardown()[pri:0, instance:TestOperations.testRunner@2e8e8225]" started-at="2022-01-21T10:01:53Z" name="teardown" finished-at="2022-01-21T10:01:56Z" duration-ms="3647" status="PASS">
          <reporter-output>
          </reporter-output>
        </test-method> <!-- teardown -->
        <test-method signature="validAboutDetails()[pri:13, instance:TestOperations.testRunner@2e8e8225]" started-at="2022-01-21T10:01:56Z" name="validAboutDetails" finished-at="2022-01-21T10:02:31Z" duration-ms="34311" status="PASS">
          <reporter-output>
          </reporter-output>
        </test-method> <!-- validAboutDetails -->
        <test-method is-config="true" signature="teardown()[pri:0, instance:TestOperations.testRunner@2e8e8225]" started-at="2022-01-21T10:02:31Z" name="teardown" finished-at="2022-01-21T10:02:32Z" duration-ms="1633" status="PASS">
          <reporter-output>
          </reporter-output>
        </test-method> <!-- teardown -->
        <test-method signature="validcabTypeDetails()[pri:14, instance:TestOperations.testRunner@2e8e8225]" started-at="2022-01-21T10:02:32Z" name="validcabTypeDetails" finished-at="2022-01-21T10:02:57Z" duration-ms="24904" status="PASS">
          <reporter-output>
          </reporter-output>
        </test-method> <!-- validcabTypeDetails -->
        <test-method is-config="true" signature="teardown()[pri:0, instance:TestOperations.testRunner@2e8e8225]" started-at="2022-01-21T10:02:57Z" name="teardown" finished-at="2022-01-21T10:02:58Z" duration-ms="1357" status="PASS">
          <reporter-output>
          </reporter-output>
        </test-method> <!-- teardown -->
        <test-method signature="validcarRentalDetails()[pri:15, instance:TestOperations.testRunner@2e8e8225]" started-at="2022-01-21T10:02:58Z" name="validcarRentalDetails" finished-at="2022-01-21T10:03:22Z" duration-ms="23638" status="PASS">
          <reporter-output>
          </reporter-output>
        </test-method> <!-- validcarRentalDetails -->
        <test-method is-config="true" signature="teardown()[pri:0, instance:TestOperations.testRunner@2e8e8225]" started-at="2022-01-21T10:03:22Z" name="teardown" finished-at="2022-01-21T10:03:24Z" duration-ms="1670" status="PASS">
          <reporter-output>
          </reporter-output>
        </test-method> <!-- teardown -->
        <test-method is-config="true" signature="reportClose()[pri:0, instance:TestOperations.testRunner@2e8e8225]" started-at="2022-01-21T10:03:24Z" name="reportClose" finished-at="2022-01-21T10:03:24Z" duration-ms="469" status="PASS">
          <reporter-output>
          </reporter-output>
        </test-method> <!-- reportClose -->
      </class> <!-- TestOperations.testRunner -->
    </test> <!-- Test -->
  </suite> <!-- hybridSuite -->
</testng-results>
