<?xml version="1.0" encoding="UTF-8"?>
<!-- Generated by org.testng.reporters.JUnitXMLReporter -->
<testsuite ignored="0" hostname="LAPTOP-RNTFED1U" failures="1" tests="15" name="Test" time="352.138" errors="0" timestamp="21 Jan 2022 10:03:24 GMT">
  <testcase classname="TestOperations.testRunner" name="homePageGetTitle" time="12.944"/>
  <testcase classname="TestOperations.testRunner" name="homePageElement" time="10.744"/>
  <testcase classname="TestOperations.testRunner" name="validAgentDetails" time="18.945"/>
  <testcase classname="TestOperations.testRunner" name="validcustomerLoginDetails" time="17.231"/>
  <testcase classname="TestOperations.testRunner" name="validforgotPasswordDetails" time="16.557"/>
  <testcase classname="TestOperations.testRunner" name="validonewayBooking" time="18.354"/>
  <testcase classname="TestOperations.testRunner" name="validroundtripBooking" time="28.75"/>
  <testcase classname="TestOperations.testRunner" name="validlocalTripBooking" time="17.137">
    <failure type="java.lang.AssertionError" message="expected [true] but found [false]">
      <![CDATA[java.lang.AssertionError: expected [true] but found [false]
at uiRepositories.selectCarPageUI.localBooking(selectCarPageUI.java:243)
at TestOperations.testRunner.validlocalTripBooking(testRunner.java:110)
... Removed 29 stack frames]]>
    </failure>
  </testcase> <!-- validlocalTripBooking -->
  <testcase classname="TestOperations.testRunner" name="validFromAirportTripBooking" time="26.855"/>
  <testcase classname="TestOperations.testRunner" name="validToAirportTripBooking" time="26.988"/>
  <testcase classname="TestOperations.testRunner" name="validContactDetails" time="23.815"/>
  <testcase classname="TestOperations.testRunner" name="validbloggerSocialLinkDetails" time="27.673"/>
  <testcase classname="TestOperations.testRunner" name="validAboutDetails" time="34.311"/>
  <testcase classname="TestOperations.testRunner" name="validcabTypeDetails" time="24.904"/>
  <testcase classname="TestOperations.testRunner" name="validcarRentalDetails" time="23.638"/>
</testsuite> <!-- Test -->
