<?xml version="1.0" encoding="UTF-8"?>
<!-- Generated by org.testng.reporters.JUnitReportReporter -->
<testsuite hostname="LAPTOP-RNTFED1U" failures="1" tests="15" name="TestOperations.testRunner" time="351.722" errors="0" timestamp="21 Jan 2022 10:03:24 GMT" skipped="0">
  <testcase classname="TestOperations.testRunner" name="homePageGetTitle" time="13.263"/>
  <testcase classname="TestOperations.testRunner" name="homePageElement" time="11.615"/>
  <testcase classname="TestOperations.testRunner" name="validAgentDetails" time="20.977"/>
  <testcase classname="TestOperations.testRunner" name="validcustomerLoginDetails" time="17.561"/>
  <testcase classname="TestOperations.testRunner" name="validforgotPasswordDetails" time="18.190"/>
  <testcase classname="TestOperations.testRunner" name="validonewayBooking" time="20.024"/>
  <testcase classname="TestOperations.testRunner" name="validroundtripBooking" time="32.397"/>
  <testcase classname="TestOperations.testRunner" name="validlocalTripBooking" time="17.474">
    <failure message="expected [true] but found [false]" type="java.lang.AssertionError">
      <![CDATA[java.lang.AssertionError: expected [true] but found [false]
at org.testng.Assert.fail(Assert.java:96)
at org.testng.Assert.failNotEquals(Assert.java:776)
at org.testng.Assert.assertTrue(Assert.java:44)
at org.testng.Assert.assertTrue(Assert.java:54)
at uiRepositories.selectCarPageUI.localBooking(selectCarPageUI.java:243)
at TestOperations.testRunner.validlocalTripBooking(testRunner.java:110)
at java.base/jdk.internal.reflect.NativeMethodAccessorImpl.invoke0(Native Method)
at java.base/jdk.internal.reflect.NativeMethodAccessorImpl.invoke(NativeMethodAccessorImpl.java:77)
at java.base/jdk.internal.reflect.DelegatingMethodAccessorImpl.invoke(DelegatingMethodAccessorImpl.java:43)
at java.base/java.lang.reflect.Method.invoke(Method.java:568)
at org.testng.internal.MethodInvocationHelper.invokeMethod(MethodInvocationHelper.java:124)
at org.testng.internal.Invoker.invokeMethod(Invoker.java:583)
at org.testng.internal.Invoker.invokeTestMethod(Invoker.java:719)
at org.testng.internal.Invoker.invokeTestMethods(Invoker.java:989)
at org.testng.internal.TestMethodWorker.invokeTestMethods(TestMethodWorker.java:125)
at org.testng.internal.TestMethodWorker.run(TestMethodWorker.java:109)
at org.testng.TestRunner.privateRun(TestRunner.java:648)
at org.testng.TestRunner.run(TestRunner.java:505)
at org.testng.SuiteRunner.runTest(SuiteRunner.java:455)
at org.testng.SuiteRunner.runSequentially(SuiteRunner.java:450)
at org.testng.SuiteRunner.privateRun(SuiteRunner.java:415)
at org.testng.SuiteRunner.run(SuiteRunner.java:364)
at org.testng.SuiteRunnerWorker.runSuite(SuiteRunnerWorker.java:52)
at org.testng.SuiteRunnerWorker.run(SuiteRunnerWorker.java:84)
at org.testng.TestNG.runSuitesSequentially(TestNG.java:1208)
at org.testng.TestNG.runSuitesLocally(TestNG.java:1137)
at org.testng.TestNG.runSuites(TestNG.java:1049)
at org.testng.TestNG.run(TestNG.java:1017)
at org.testng.remote.AbstractRemoteTestNG.run(AbstractRemoteTestNG.java:115)
at org.testng.remote.RemoteTestNG.initAndRun(RemoteTestNG.java:251)
at org.testng.remote.RemoteTestNG.main(RemoteTestNG.java:77)
]]>
    </failure>
  </testcase> <!-- validlocalTripBooking -->
  <testcase classname="TestOperations.testRunner" name="validFromAirportTripBooking" time="27.027"/>
  <testcase classname="TestOperations.testRunner" name="validToAirportTripBooking" time="27.399"/>
  <testcase classname="TestOperations.testRunner" name="validContactDetails" time="25.909"/>
  <testcase classname="TestOperations.testRunner" name="validbloggerSocialLinkDetails" time="29.825"/>
  <testcase classname="TestOperations.testRunner" name="validAboutDetails" time="35.668"/>
  <testcase classname="TestOperations.testRunner" name="validcabTypeDetails" time="28.156"/>
  <testcase classname="TestOperations.testRunner" name="validcarRentalDetails" time="26.237"/>
</testsuite> <!-- TestOperations.testRunner -->
